# JRE version: Java(TM) SE Runtime Environment (8.0_92-b14) (build 1.8.0_92-b14)
# Java VM: Java HotSpot(TM) 64-Bit Server VM (25.92-b14 mixed mode windows-amd64 compressed oops)
Heap:
 par new generation   total 314560K, used 105453K [0x00000000c0000000, 0x00000000d5550000, 0x00000000d5550000)
  eden space 279616K,  25% used [0x00000000c0000000, 0x00000000c44db738, 0x00000000d1110000)
  from space 34944K, 100% used [0x00000000d1110000, 0x00000000d3330000, 0x00000000d3330000)
  to   space 34944K,   0% used [0x00000000d3330000, 0x00000000d3330000, 0x00000000d5550000)
 concurrent mark-sweep generation total 699072K, used 100518K [0x00000000d5550000, 0x0000000100000000, 0x0000000100000000)
 Metaspace       used 29927K, capacity 30221K, committed 30592K, reserved 1075200K
  class space    used 3839K, capacity 3951K, committed 3968K, reserved 1048576K
GC Heap History (10 events):
Event: 2.536 GC heap before
{Heap before GC invocations=2 (full 2):
 par new generation   total 314560K, used 314560K [0x00000000c0000000, 0x00000000d5550000, 0x00000000d5550000)
  eden space 279616K, 100% used [0x00000000c0000000, 0x00000000d1110000, 0x00000000d1110000)
  from space 34944K, 100% used [0x00000000d3330000, 0x00000000d5550000, 0x00000000d5550000)
  to   space 34944K,   0% used [0x00000000d1110000, 0x00000000d1110000, 0x00000000d3330000)
 concurrent mark-sweep generation total 699072K, used 5919K [0x00000000d5550000, 0x0000000100000000, 0x0000000100000000)
 Metaspace       used 17291K, capacity 17538K, committed 17792K, reserved 1064960K
  class space    used 2072K, capacity 2149K, committed 2176K, reserved 1048576K
Event: 2.568 GC heap after
Heap after GC invocations=3 (full 2):
 par new generation   total 314560K, used 28439K [0x00000000c0000000, 0x00000000d5550000, 0x00000000d5550000)
  eden space 279616K,   0% used [0x00000000c0000000, 0x00000000c0000000, 0x00000000d1110000)
  from space 34944K,  81% used [0x00000000d1110000, 0x00000000d2cd5cd8, 0x00000000d3330000)
  to   space 34944K,   0% used [0x00000000d3330000, 0x00000000d3330000, 0x00000000d5550000)
 concurrent mark-sweep generation total 699072K, used 28132K [0x00000000d5550000, 0x0000000100000000, 0x0000000100000000)
 Metaspace       used 17291K, capacity 17538K, committed 17792K, reserved 1064960K
  class space    used 2072K, capacity 2149K, committed 2176K, reserved 1048576K
}
Event: 3.343 GC heap before
{Heap before GC invocations=3 (full 2):
 par new generation   total 314560K, used 308055K [0x00000000c0000000, 0x00000000d5550000, 0x00000000d5550000)
  eden space 279616K, 100% used [0x00000000c0000000, 0x00000000d1110000, 0x00000000d1110000)
  from space 34944K,  81% used [0x00000000d1110000, 0x00000000d2cd5cd8, 0x00000000d3330000)
  to   space 34944K,   0% used [0x00000000d3330000, 0x00000000d3330000, 0x00000000d5550000)
 concurrent mark-sweep generation total 699072K, used 25524K [0x00000000d5550000, 0x0000000100000000, 0x0000000100000000)
 Metaspace       used 18813K, capacity 19042K, committed 19456K, reserved 1067008K
  class space    used 2361K, capacity 2437K, committed 2560K, reserved 1048576K
Event: 3.358 GC heap after
Heap after GC invocations=4 (full 2):
 par new generation   total 314560K, used 24409K [0x00000000c0000000, 0x00000000d5550000, 0x00000000d5550000)
  eden space 279616K,   0% used [0x00000000c0000000, 0x00000000c0000000, 0x00000000d1110000)
  from space 34944K,  69% used [0x00000000d3330000, 0x00000000d4b065e0, 0x00000000d5550000)
  to   space 34944K,   0% used [0x00000000d1110000, 0x00000000d1110000, 0x00000000d3330000)
 concurrent mark-sweep generation total 699072K, used 42898K [0x00000000d5550000, 0x0000000100000000, 0x0000000100000000)
 Metaspace       used 18813K, capacity 19042K, committed 19456K, reserved 1067008K
  class space    used 2361K, capacity 2437K, committed 2560K, reserved 1048576K
}
Event: 3.981 GC heap before
{Heap before GC invocations=4 (full 2):
 par new generation   total 314560K, used 304025K [0x00000000c0000000, 0x00000000d5550000, 0x00000000d5550000)
  eden space 279616K, 100% used [0x00000000c0000000, 0x00000000d1110000, 0x00000000d1110000)
  from space 34944K,  69% used [0x00000000d3330000, 0x00000000d4b065e0, 0x00000000d5550000)
  to   space 34944K,   0% used [0x00000000d1110000, 0x00000000d1110000, 0x00000000d3330000)
 concurrent mark-sweep generation total 699072K, used 42898K [0x00000000d5550000, 0x0000000100000000, 0x0000000100000000)
 Metaspace       used 21652K, capacity 21858K, committed 22272K, reserved 1069056K
  class space    used 2929K, capacity 3013K, committed 3072K, reserved 1048576K
Event: 4.003 GC heap after
Heap after GC invocations=5 (full 2):
 par new generation   total 314560K, used 25803K [0x00000000c0000000, 0x00000000d5550000, 0x00000000d5550000)
  eden space 279616K,   0% used [0x00000000c0000000, 0x00000000c0000000, 0x00000000d1110000)
  from space 34944K,  73% used [0x00000000d1110000, 0x00000000d2a42d20, 0x00000000d3330000)
  to   space 34944K,   0% used [0x00000000d3330000, 0x00000000d3330000, 0x00000000d5550000)
 concurrent mark-sweep generation total 699072K, used 62699K [0x00000000d5550000, 0x0000000100000000, 0x0000000100000000)
 Metaspace       used 21652K, capacity 21858K, committed 22272K, reserved 1069056K
  class space    used 2929K, capacity 3013K, committed 3072K, reserved 1048576K
}
Event: 5.715 GC heap before
{Heap before GC invocations=5 (full 3):
 par new generation   total 314560K, used 305419K [0x00000000c0000000, 0x00000000d5550000, 0x00000000d5550000)
  eden space 279616K, 100% used [0x00000000c0000000, 0x00000000d1110000, 0x00000000d1110000)
  from space 34944K,  73% used [0x00000000d1110000, 0x00000000d2a42d20, 0x00000000d3330000)
  to   space 34944K,   0% used [0x00000000d3330000, 0x00000000d3330000, 0x00000000d5550000)
 concurrent mark-sweep generation total 699072K, used 62699K [0x00000000d5550000, 0x0000000100000000, 0x0000000100000000)
 Metaspace       used 26439K, capacity 26729K, committed 27136K, reserved 1073152K
  class space    used 3400K, capacity 3495K, committed 3584K, reserved 1048576K
Event: 5.728 GC heap after
Heap after GC invocations=6 (full 3):
 par new generation   total 314560K, used 34944K [0x00000000c0000000, 0x00000000d5550000, 0x00000000d5550000)
  eden space 279616K,   0% used [0x00000000c0000000, 0x00000000c0000000, 0x00000000d1110000)
  from space 34944K, 100% used [0x00000000d3330000, 0x00000000d5550000, 0x00000000d5550000)
  to   space 34944K,   0% used [0x00000000d1110000, 0x00000000d1110000, 0x00000000d3330000)
 concurrent mark-sweep generation total 699072K, used 67643K [0x00000000d5550000, 0x0000000100000000, 0x0000000100000000)
 Metaspace       used 26439K, capacity 26729K, committed 27136K, reserved 1073152K
  class space    used 3400K, capacity 3495K, committed 3584K, reserved 1048576K
}
Event: 6.654 GC heap before
{Heap before GC invocations=6 (full 3):
 par new generation   total 314560K, used 314560K [0x00000000c0000000, 0x00000000d5550000, 0x00000000d5550000)
  eden space 279616K, 100% used [0x00000000c0000000, 0x00000000d1110000, 0x00000000d1110000)
  from space 34944K, 100% used [0x00000000d3330000, 0x00000000d5550000, 0x00000000d5550000)
  to   space 34944K,   0% used [0x00000000d1110000, 0x00000000d1110000, 0x00000000d3330000)
 concurrent mark-sweep generation total 699072K, used 65910K [0x00000000d5550000, 0x0000000100000000, 0x0000000100000000)
 Metaspace       used 29465K, capacity 29677K, committed 30080K, reserved 1075200K
  class space    used 3798K, capacity 3919K, committed 3968K, reserved 1048576K
Event: 6.680 GC heap after
Heap after GC invocations=7 (full 3):
 par new generation   total 314560K, used 34944K [0x00000000c0000000, 0x00000000d5550000, 0x00000000d5550000)
  eden space 279616K,   0% used [0x00000000c0000000, 0x00000000c0000000, 0x00000000d1110000)
  from space 34944K, 100% used [0x00000000d1110000, 0x00000000d3330000, 0x00000000d3330000)
  to   space 34944K,   0% used [0x00000000d3330000, 0x00000000d3330000, 0x00000000d5550000)
 concurrent mark-sweep generation total 699072K, used 100518K [0x00000000d5550000, 0x0000000100000000, 0x0000000100000000)
 Metaspace       used 29465K, capacity 29677K, committed 30080K, reserved 1075200K
  class space    used 3798K, capacity 3919K, committed 3968K, reserved 1048576K
}

